This is pdfTeX, Version 3.141592-1.40.3 (MiKTeX 2.6) (preloaded format=pdflatex 2007.12.27)  5 JAN 2008 12:17
entering extended mode
**Final_Analysis.tex
(Final_Analysis.tex
LaTeX2e <2005/12/01>
Babel <v3.8g> and hyphenation patterns for english, dumylang, nohyphenation, ge
rman, ngerman, french, loaded.
("C:\Apps\MiKTeX 2.6\tex\latex\base\article.cls"
Document Class: article 2005/09/16 v1.4f Standard LaTeX document class
("C:\Apps\MiKTeX 2.6\tex\latex\base\size10.clo"
File: size10.clo 2005/09/16 v1.4f Standard LaTeX file (size option)
)
\c@part=\count79
\c@section=\count80
\c@subsection=\count81
\c@subsubsection=\count82
\c@paragraph=\count83
\c@subparagraph=\count84
\c@figure=\count85
\c@table=\count86
\abovecaptionskip=\skip41
\belowcaptionskip=\skip42
\bibindent=\dimen102
)
\@input{preamble.aux}
(preamble.tex ("C:\Apps\MiKTeX 2.6\tex\latex\amsfonts\amssymb.sty"
Package: amssymb 2002/01/22 v2.2d

("C:\Apps\MiKTeX 2.6\tex\latex\amsfonts\amsfonts.sty"
Package: amsfonts 2001/10/25 v2.2f
\@emptytoks=\toks14
\symAMSa=\mathgroup4
\symAMSb=\mathgroup5
LaTeX Font Info:    Overwriting math alphabet `\mathfrak' in version `bold'
(Font)                  U/euf/m/n --> U/euf/b/n on input line 132.
))
("C:\Apps\MiKTeX 2.6\tex\latex\amsmath\amsmath.sty"
Package: amsmath 2000/07/18 v2.13 AMS math features
\@mathmargin=\skip43

For additional information on amsmath, use the `?' option.
("C:\Apps\MiKTeX 2.6\tex\latex\amsmath\amstext.sty"
Package: amstext 2000/06/29 v2.01

("C:\Apps\MiKTeX 2.6\tex\latex\amsmath\amsgen.sty"
File: amsgen.sty 1999/11/30 v2.0
\@emptytoks=\toks15
\ex@=\dimen103
))
("C:\Apps\MiKTeX 2.6\tex\latex\amsmath\amsbsy.sty"
Package: amsbsy 1999/11/29 v1.2d
\pmbraise@=\dimen104
)
("C:\Apps\MiKTeX 2.6\tex\latex\amsmath\amsopn.sty"
Package: amsopn 1999/12/14 v2.01 operator names
)
\inf@bad=\count87
LaTeX Info: Redefining \frac on input line 211.
\uproot@=\count88
\leftroot@=\count89
LaTeX Info: Redefining \overline on input line 307.
\classnum@=\count90
\DOTSCASE@=\count91
LaTeX Info: Redefining \ldots on input line 379.
LaTeX Info: Redefining \dots on input line 382.
LaTeX Info: Redefining \cdots on input line 467.
\Mathstrutbox@=\box26
\strutbox@=\box27
\big@size=\dimen105
LaTeX Font Info:    Redeclaring font encoding OML on input line 567.
LaTeX Font Info:    Redeclaring font encoding OMS on input line 568.
\macc@depth=\count92
\c@MaxMatrixCols=\count93
\dotsspace@=\muskip10
\c@parentequation=\count94
\dspbrk@lvl=\count95
\tag@help=\toks16
\row@=\count96
\column@=\count97
\maxfields@=\count98
\andhelp@=\toks17
\eqnshift@=\dimen106
\alignsep@=\dimen107
\tagshift@=\dimen108
\tagwidth@=\dimen109
\totwidth@=\dimen110
\lineht@=\dimen111
\@envbody=\toks18
\multlinegap=\skip44
\multlinetaggap=\skip45
\mathdisplay@stack=\toks19
LaTeX Info: Redefining \[ on input line 2666.
LaTeX Info: Redefining \] on input line 2667.
)
("C:\Apps\MiKTeX 2.6\tex\latex\graphics\color.sty"
Package: color 2005/11/14 v1.0j Standard LaTeX Color (DPC)

("C:\Apps\MiKTeX 2.6\tex\latex\00miktex\color.cfg"
File: color.cfg 2005/12/29 v1.1 MiKTeX 'color' configuration
)
Package color Info: Driver file: pdftex.def on input line 130.

("C:\Apps\MiKTeX 2.6\tex\latex\graphics\pdftex.def"
File: pdftex.def 2007/04/17 v0.04g Graphics/color for pdfTeX
\Gread@gobject=\count99
))
("C:\Apps\MiKTeX 2.6\tex\latex\hyperref\hyperref.sty"
Package: hyperref 2007/05/03 v6.76e Hypertext links for LaTeX

("C:\Apps\MiKTeX 2.6\tex\latex\graphics\keyval.sty"
Package: keyval 1999/03/16 v1.13 key=value parser (DPC)
\KV@toks@=\toks20
)
("C:\Apps\MiKTeX 2.6\tex\latex\oberdiek\hycolor.sty"
Package: hycolor 2007/04/11 v1.1 Code for color options of hyperref/bookmark (H
O)
)
\@linkdim=\dimen112
\Hy@linkcounter=\count100
\Hy@pagecounter=\count101

("C:\Apps\MiKTeX 2.6\tex\latex\hyperref\pd1enc.def"
File: pd1enc.def 2007/05/03 v6.76e Hyperref: PDFDocEncoding definition (HO)
)
("C:\Apps\MiKTeX 2.6\tex\latex\00miktex\hyperref.cfg"
File: hyperref.cfg 2006/02/14 v1.1 MiKTeX 'hyperref' configuration
)
("C:\Apps\MiKTeX 2.6\tex\latex\oberdiek\kvoptions.sty"
Package: kvoptions 2007/05/06 v2.6 Connects package keyval with LaTeX options (
HO)
)
Package hyperref Info: Hyper figures OFF on input line 2491.
Package hyperref Info: Link nesting OFF on input line 2496.
Package hyperref Info: Hyper index ON on input line 2499.
Package hyperref Info: Plain pages OFF on input line 2506.
Package hyperref Info: Backreferencing ON on input line 2509.

Implicit mode ON; LaTeX internals redefined
Package hyperref Info: Bookmarks ON on input line 2661.
("C:\Apps\MiKTeX 2.6\tex\latex\hyperref\backref.sty"
Package: backref 2006/10/06 v1.27 Bibliographical back referencing
)
("C:\Apps\MiKTeX 2.6\tex\latex\ltxmisc\url.sty"
\Urlmuskip=\muskip11
Package: url 2005/06/27  ver 3.2  Verb mode for urls, etc.
)
LaTeX Info: Redefining \url on input line 2816.
\Fld@menulength=\count102
\Field@Width=\dimen113
\Fld@charsize=\dimen114
\Choice@toks=\toks21
\Field@toks=\toks22
Package hyperref Info: Hyper figures OFF on input line 3300.
Package hyperref Info: Link nesting OFF on input line 3305.
Package hyperref Info: Hyper index ON on input line 3308.
Package hyperref Info: backreferencing ON on input line 3313.
Package hyperref Info: Link coloring OFF on input line 3320.
\Hy@abspage=\count103
\c@Item=\count104
\c@Hfootnote=\count105
)
*hyperref using default driver hpdftex*
("C:\Apps\MiKTeX 2.6\tex\latex\hyperref\hpdftex.def"
File: hpdftex.def 2007/05/03 v6.76e Hyperref driver for pdfTeX
\Fld@listcount=\count106
)
Package hyperref Info: Option `plainpages' set `false' on input line 13.
Package hyperref Info: Option `colorlinks' set `true' on input line 13.
Package hyperref Info: Option `bookmarksopen' set `false' on input line 13.
Package hyperref Info: Option `breaklinks' set `true' on input line 13.
)
(C:\Apps\R\R-2.6.1\share\texmf\Sweave.sty

LaTeX Warning: You have requested package `C:/Apps/R/R-2.6.1/share/texmf/Sweave
',
               but the package provides `Sweave'.

Package: Sweave 
("C:\Apps\MiKTeX 2.6\tex\latex\base\ifthen.sty"
Package: ifthen 2001/05/26 v1.1c Standard LaTeX ifthen package (DPC)
)
("C:\Apps\MiKTeX 2.6\tex\latex\graphics\graphicx.sty"
Package: graphicx 1999/02/16 v1.0f Enhanced LaTeX Graphics (DPC,SPQR)

("C:\Apps\MiKTeX 2.6\tex\latex\graphics\graphics.sty"
Package: graphics 2006/02/20 v1.0o Standard LaTeX Graphics (DPC,SPQR)

("C:\Apps\MiKTeX 2.6\tex\latex\graphics\trig.sty"
Package: trig 1999/03/16 v1.09 sin cos tan (DPC)
)
("C:\Apps\MiKTeX 2.6\tex\latex\00miktex\graphics.cfg"
File: graphics.cfg 2005/12/29 v1.2 MiKTeX 'graphics' configuration
)
Package graphics Info: Driver file: pdftex.def on input line 90.
)
\Gin@req@height=\dimen115
\Gin@req@width=\dimen116
)
("C:\Apps\MiKTeX 2.6\tex\latex\fancyvrb\fancyvrb.sty"
Package: fancyvrb 1998/07/17

Style option: `fancyvrb' v2.6, with DG/SPQR fixes <1998/07/17> (tvz)
\FV@CodeLineNo=\count107
\FV@InFile=\read1
\FV@TabBox=\box28
\c@FancyVerbLine=\count108
\FV@StepNumber=\count109
\FV@OutFile=\write3

No file fancyvrb.cfg.
) ("C:\Apps\MiKTeX 2.6\tex\latex\upquote\upquote.sty"
Package: upquote 2003/08/11 v1.1 Covington's upright-quote modification to verb
atim and verb

("C:\Apps\MiKTeX 2.6\tex\latex\base\textcomp.sty"
Package: textcomp 2005/09/27 v1.99g Standard LaTeX package
Package textcomp Info: Sub-encoding information:
(textcomp)               5 = only ISO-Adobe without \textcurrency
(textcomp)               4 = 5 + \texteuro
(textcomp)               3 = 4 + \textohm
(textcomp)               2 = 3 + \textestimated + \textcurrency
(textcomp)               1 = TS1 - \textcircled - \t
(textcomp)               0 = TS1 (full)
(textcomp)             Font families with sub-encoding setting implement
(textcomp)             only a restricted character set as indicated.
(textcomp)             Family '?' is the default used for unknown fonts.
(textcomp)             See the documentation for details.
Package textcomp Info: Setting ? sub-encoding to TS1/1 on input line 71.

("C:\Apps\MiKTeX 2.6\tex\latex\base\ts1enc.def"
File: ts1enc.def 2001/06/05 v3.0e (jk/car/fm) Standard LaTeX file
)
LaTeX Info: Redefining \oldstylenums on input line 266.
Package textcomp Info: Setting cmr sub-encoding to TS1/0 on input line 281.
Package textcomp Info: Setting cmss sub-encoding to TS1/0 on input line 282.
Package textcomp Info: Setting cmtt sub-encoding to TS1/0 on input line 283.
Package textcomp Info: Setting cmvtt sub-encoding to TS1/0 on input line 284.
Package textcomp Info: Setting cmbr sub-encoding to TS1/0 on input line 285.
Package textcomp Info: Setting cmtl sub-encoding to TS1/0 on input line 286.
Package textcomp Info: Setting ccr sub-encoding to TS1/0 on input line 287.
Package textcomp Info: Setting ptm sub-encoding to TS1/4 on input line 288.
Package textcomp Info: Setting pcr sub-encoding to TS1/4 on input line 289.
Package textcomp Info: Setting phv sub-encoding to TS1/4 on input line 290.
Package textcomp Info: Setting ppl sub-encoding to TS1/3 on input line 291.
Package textcomp Info: Setting pag sub-encoding to TS1/4 on input line 292.
Package textcomp Info: Setting pbk sub-encoding to TS1/4 on input line 293.
Package textcomp Info: Setting pnc sub-encoding to TS1/4 on input line 294.
Package textcomp Info: Setting pzc sub-encoding to TS1/4 on input line 295.
Package textcomp Info: Setting bch sub-encoding to TS1/4 on input line 296.
Package textcomp Info: Setting put sub-encoding to TS1/5 on input line 297.
Package textcomp Info: Setting uag sub-encoding to TS1/5 on input line 298.
Package textcomp Info: Setting ugq sub-encoding to TS1/5 on input line 299.
Package textcomp Info: Setting ul8 sub-encoding to TS1/4 on input line 300.
Package textcomp Info: Setting ul9 sub-encoding to TS1/4 on input line 301.
Package textcomp Info: Setting augie sub-encoding to TS1/5 on input line 302.
Package textcomp Info: Setting dayrom sub-encoding to TS1/3 on input line 303.
Package textcomp Info: Setting dayroms sub-encoding to TS1/3 on input line 304.

Package textcomp Info: Setting pxr sub-encoding to TS1/0 on input line 305.
Package textcomp Info: Setting pxss sub-encoding to TS1/0 on input line 306.
Package textcomp Info: Setting pxtt sub-encoding to TS1/0 on input line 307.
Package textcomp Info: Setting txr sub-encoding to TS1/0 on input line 308.
Package textcomp Info: Setting txss sub-encoding to TS1/0 on input line 309.
Package textcomp Info: Setting txtt sub-encoding to TS1/0 on input line 310.
Package textcomp Info: Setting futs sub-encoding to TS1/4 on input line 311.
Package textcomp Info: Setting futx sub-encoding to TS1/4 on input line 312.
Package textcomp Info: Setting futj sub-encoding to TS1/4 on input line 313.
Package textcomp Info: Setting hlh sub-encoding to TS1/3 on input line 314.
Package textcomp Info: Setting hls sub-encoding to TS1/3 on input line 315.
Package textcomp Info: Setting hlst sub-encoding to TS1/3 on input line 316.
Package textcomp Info: Setting hlct sub-encoding to TS1/5 on input line 317.
Package textcomp Info: Setting hlx sub-encoding to TS1/5 on input line 318.
Package textcomp Info: Setting hlce sub-encoding to TS1/5 on input line 319.
Package textcomp Info: Setting hlcn sub-encoding to TS1/5 on input line 320.
Package textcomp Info: Setting hlcw sub-encoding to TS1/5 on input line 321.
Package textcomp Info: Setting hlcf sub-encoding to TS1/5 on input line 322.
Package textcomp Info: Setting pplx sub-encoding to TS1/3 on input line 323.
Package textcomp Info: Setting pplj sub-encoding to TS1/3 on input line 324.
Package textcomp Info: Setting ptmx sub-encoding to TS1/4 on input line 325.
Package textcomp Info: Setting ptmj sub-encoding to TS1/4 on input line 326.
))
("C:\Apps\MiKTeX 2.6\tex\latex\base\fontenc.sty"
Package: fontenc 2005/09/27 v1.99g Standard LaTeX package

("C:\Apps\MiKTeX 2.6\tex\latex\base\t1enc.def"
File: t1enc.def 2005/09/27 v1.99g Standard LaTeX file
LaTeX Font Info:    Redeclaring font encoding T1 on input line 43.
))
("C:\Apps\MiKTeX 2.6\tex\latex\ae\ae.sty"
Package: ae 2001/02/12 1.3 Almost European Computer Modern

("C:\Apps\MiKTeX 2.6\tex\latex\base\fontenc.sty"
Package: fontenc 2005/09/27 v1.99g Standard LaTeX package

("C:\Apps\MiKTeX 2.6\tex\latex\base\t1enc.def"
File: t1enc.def 2005/09/27 v1.99g Standard LaTeX file
LaTeX Font Info:    Redeclaring font encoding T1 on input line 43.
)
LaTeX Font Info:    Try loading font information for T1+aer on input line 100.

("C:\Apps\MiKTeX 2.6\tex\latex\ae\t1aer.fd"
File: t1aer.fd 1997/11/16 Font definitions for T1/aer.
)))) (Final_Analysis.aux)
LaTeX Font Info:    Checking defaults for OML/cmm/m/it on input line 9.
LaTeX Font Info:    ... okay on input line 9.
LaTeX Font Info:    Checking defaults for T1/cmr/m/n on input line 9.
LaTeX Font Info:    ... okay on input line 9.
LaTeX Font Info:    Checking defaults for OT1/cmr/m/n on input line 9.
LaTeX Font Info:    ... okay on input line 9.
LaTeX Font Info:    Checking defaults for OMS/cmsy/m/n on input line 9.
LaTeX Font Info:    ... okay on input line 9.
LaTeX Font Info:    Checking defaults for OMX/cmex/m/n on input line 9.
LaTeX Font Info:    ... okay on input line 9.
LaTeX Font Info:    Checking defaults for U/cmr/m/n on input line 9.
LaTeX Font Info:    ... okay on input line 9.
LaTeX Font Info:    Checking defaults for PD1/pdf/m/n on input line 9.
LaTeX Font Info:    ... okay on input line 9.
LaTeX Font Info:    Checking defaults for TS1/cmr/m/n on input line 9.
LaTeX Font Info:    Try loading font information for TS1+cmr on input line 9.

("C:\Apps\MiKTeX 2.6\tex\latex\base\ts1cmr.fd"
File: ts1cmr.fd 1999/05/25 v2.5h Standard LaTeX font definitions
)
LaTeX Font Info:    ... okay on input line 9.

("C:\Apps\MiKTeX 2.6\tex\context\base\supp-pdf.tex"
[Loading MPS to PDF converter (version 2006.09.02).]
\scratchcounter=\count110
\scratchdimen=\dimen117
\scratchbox=\box29
\nofMPsegments=\count111
\nofMParguments=\count112
\MPscratchCnt=\count113
\MPscratchDim=\dimen118
\MPnumerator=\count114
\everyMPtoPDFconversion=\toks23
)
Package hyperref Info: Link coloring ON on input line 9.
 ("C:\Apps\MiKTeX 2.6\tex\latex\hyperref\nameref.sty"
Package: nameref 2007/05/02 v2.30 Cross-referencing by name of section

("C:\Apps\MiKTeX 2.6\tex\latex\oberdiek\refcount.sty"
Package: refcount 2006/02/20 v3.0 Data extraction from references (HO)
)
\c@section@level=\count115
)
LaTeX Info: Redefining \ref on input line 9.
LaTeX Info: Redefining \pageref on input line 9.
 (Final_Analysis.out)
(Final_Analysis.out)
\@outlinefile=\write4
LaTeX Font Info:    Try loading font information for U+msa on input line 22.
 ("C:\Apps\MiKTeX 2.6\tex\latex\amsfonts\umsa.fd"
File: umsa.fd 2002/01/19 v2.2g AMS font definitions
)
LaTeX Font Info:    Try loading font information for U+msb on input line 22.

("C:\Apps\MiKTeX 2.6\tex\latex\amsfonts\umsb.fd"
File: umsb.fd 2002/01/19 v2.2g AMS font definitions
)
LaTeX Font Info:    Try loading font information for T1+aett on input line 28.

("C:\Apps\MiKTeX 2.6\tex\latex\ae\t1aett.fd"
File: t1aett.fd 1997/11/16 Font definitions for T1/aett.
)
LaTeX Font Info:    Try loading font information for TS1+aett on input line 75.

LaTeX Font Info:    No file TS1aett.fd. on input line 75.


LaTeX Font Warning: Font shape `TS1/aett/m/n' undefined
(Font)              using `TS1/cmr/m/n' instead
(Font)              for symbol `textasciigrave' on input line 75.

[1



{psfonts.map}] [2] <Figs/lw-PlotRawLen.pdf, id=116, 361.35pt x 361.35pt>
File: Figs/lw-PlotRawLen.pdf Graphic file (type pdf)

<use Figs/lw-PlotRawLen.pdf> [3 <Figs/lw-PlotRawLen.pdf>] [4]
<Figs/lw-PlotRaw1.pdf, id=132, 361.35pt x 361.35pt>
File: Figs/lw-PlotRaw1.pdf Graphic file (type pdf)
 <use Figs/lw-PlotRaw1.pdf>
[5 <Figs/lw-PlotRaw1.pdf>]
<Figs/lw-PlotTrans1.pdf, id=142, 361.35pt x 361.35pt>
File: Figs/lw-PlotTrans1.pdf Graphic file (type pdf)

<use Figs/lw-PlotTrans1.pdf> [6 <Figs/lw-PlotTrans1.pdf>] [7]
<Figs/lw-PlotTrans2.pdf, id=157, 361.35pt x 361.35pt>
File: Figs/lw-PlotTrans2.pdf Graphic file (type pdf)

<use Figs/lw-PlotTrans2.pdf> [8 <Figs/lw-PlotTrans2.pdf>]
<Figs/lw-mdl1FitPlot1.pdf, id=167, 361.35pt x 361.35pt>
File: Figs/lw-mdl1FitPlot1.pdf Graphic file (type pdf)

<use Figs/lw-mdl1FitPlot1.pdf> [9]
<Figs/lw-mdl1ResidPlot1.pdf, id=173, 361.35pt x 361.35pt>
File: Figs/lw-mdl1ResidPlot1.pdf Graphic file (type pdf)

<use Figs/lw-mdl1ResidPlot1.pdf>
<Figs/lw-mdl1ResidHist1.pdf, id=174, 361.35pt x 361.35pt>
File: Figs/lw-mdl1ResidHist1.pdf Graphic file (type pdf)

<use Figs/lw-mdl1ResidHist1.pdf> [10 <Figs/lw-mdl1FitPlot1.pdf> <Figs/lw-mdl1Re
sidPlot1.pdf>]
Overfull \hbox (7.95044pt too wide) in paragraph at lines 499--500
[]\T1/aer/bx/n/10 The mean log(weight) ad-justed for log(length) did not dif-fe
r among male and fe-males (p=0.4038). 
 []

[11 <Figs/lw-mdl1ResidHist1.pdf>]
Overfull \hbox (13.85068pt too wide) in paragraph at lines 559--561
\T1/aer/bx/n/10 mean log(weight) than the 8% buffered for-ma-lin treat-ment for
 all val-ues of log(length) (p<0.0005). 
 []

[12] <Figs/lw-mdl2FitPlot1.pdf, id=204, 361.35pt x 361.35pt>
File: Figs/lw-mdl2FitPlot1.pdf Graphic file (type pdf)

<use Figs/lw-mdl2FitPlot1.pdf> [13]
<Figs/lw-mdl2ResidPlot1.pdf, id=211, 361.35pt x 361.35pt>
File: Figs/lw-mdl2ResidPlot1.pdf Graphic file (type pdf)

<use Figs/lw-mdl2ResidPlot1.pdf>
<Figs/lw-mdl2ResidHist1.pdf, id=212, 361.35pt x 361.35pt>
File: Figs/lw-mdl2ResidHist1.pdf Graphic file (type pdf)

<use Figs/lw-mdl2ResidHist1.pdf> [14 <Figs/lw-mdl2FitPlot1.pdf> <Figs/lw-mdl2Re
sidPlot1.pdf>] [15 <Figs/lw-mdl2ResidHist1.pdf>] [16]
LaTeX Font Info:    Try loading font information for TS1+aer on input line 785.

LaTeX Font Info:    No file TS1aer.fd. on input line 785.


LaTeX Font Warning: Font shape `TS1/aer/m/n' undefined
(Font)              using `TS1/cmr/m/n' instead
(Font)              for symbol `textbullet' on input line 785.

<Figs/lw-indFitPlot1.pdf, id=241, 361.35pt x 361.35pt>
File: Figs/lw-indFitPlot1.pdf Graphic file (type pdf)

<use Figs/lw-indFitPlot1.pdf> [17 <Figs/lw-indFitPlot1.pdf>]
<Figs/lw-indFitPlot2.pdf, id=253, 361.35pt x 361.35pt>
File: Figs/lw-indFitPlot2.pdf Graphic file (type pdf)

<use Figs/lw-indFitPlot2.pdf> [18] [19 <Figs/lw-indFitPlot2.pdf>] [20]
<Figs/lw-fnlFitPlot.pdf, id=272, 361.35pt x 361.35pt>
File: Figs/lw-fnlFitPlot.pdf Graphic file (type pdf)

<use Figs/lw-fnlFitPlot.pdf> [21] [22 <Figs/lw-fnlFitPlot.pdf>]
(Final_Analysis.aux)

LaTeX Font Warning: Some font shapes were not available, defaults substituted.

 ) 
Here is how much of TeX's memory you used:
 5504 strings out of 95294
 71067 string characters out of 1185262
 119950 words of memory out of 1121090
 8293 multiletter control sequences out of 60000
 33155 words of font info for 81 fonts, out of 1000000 for 2000
 14 hyphenation exceptions out of 8191
 35i,7n,36p,421b,524s stack positions out of 5000i,500n,10000p,200000b,32768s
 <C:\Documents and Settings\All Users\Application Data\MiKTeX\2.6\fonts\pk\lj
four\jknappen\ec\dpi600\tcrm1000.pk><C:/Apps/MiKTeX 2.6/fonts/type1/bluesky/cm/
cmbx10.pfb><C:/Apps/MiKTeX 2.6/fonts/type1/bluesky/cm/cmbx12.pfb><C:/Apps/MiKTe
X 2.6/fonts/type1/bluesky/cm/cmmi10.pfb><C:/Apps/MiKTeX 2.6/fonts/type1/bluesky
/cm/cmmib10.pfb><C:/Apps/MiKTeX 2.6/fonts/type1/bluesky/cm/cmr10.pfb><C:/Apps/M
iKTeX 2.6/fonts/type1/bluesky/cm/cmr12.pfb><C:/Apps/MiKTeX 2.6/fonts/type1/blue
sky/cm/cmr17.pfb><C:/Apps/MiKTeX 2.6/fonts/type1/bluesky/cm/cmr7.pfb><C:/Apps/M
iKTeX 2.6/fonts/type1/bluesky/cm/cmsltt10.pfb><C:/Apps/MiKTeX 2.6/fonts/type1/b
luesky/cm/cmti10.pfb><C:/Apps/MiKTeX 2.6/fonts/type1/bluesky/cm/cmtt10.pfb>
Output written on Final_Analysis.pdf (22 pages, 516363 bytes).
PDF statistics:
 340 PDF objects out of 300000 (max. 8388607)
 50 named destinations out of 300000 (max. 131072)
 266 words of extra memory for PDF output out of 65536 (max. 10000000)

