\BOOKMARK [1][-]{section.1}{Length Analysis}{}
\BOOKMARK [2][-]{subsection.1.1}{Initialization}{section.1}
\BOOKMARK [3][-]{subsubsection.1.1.1}{Data entry and cleaning}{subsection.1.1}
\BOOKMARK [2][-]{subsection.1.2}{Sample Summaries}{section.1}
\BOOKMARK [2][-]{subsection.1.3}{Results on Length After 2 Weeks Preservation}{section.1}
\BOOKMARK [1][-]{section.2}{Length-Weight Analysis}{}
\BOOKMARK [2][-]{subsection.2.1}{Initialization}{section.2}
\BOOKMARK [3][-]{subsubsection.2.1.1}{Data entry and cleaning}{subsection.2.1}
\BOOKMARK [3][-]{subsubsection.2.1.2}{declare some labels}{subsection.2.1}
\BOOKMARK [2][-]{subsection.2.2}{EDA}{section.2}
\BOOKMARK [3][-]{subsubsection.2.2.1}{Original data}{subsection.2.2}
\BOOKMARK [3][-]{subsubsection.2.2.2}{Permanently Remove Juveniles}{subsection.2.2}
\BOOKMARK [2][-]{subsection.2.3}{First Length-Weight Model Analysis}{section.2}
\BOOKMARK [3][-]{subsubsection.2.3.1}{Temporarily excludes gravids}{subsection.2.3}
\BOOKMARK [3][-]{subsubsection.2.3.2}{Fitting The Model}{subsection.2.3}
\BOOKMARK [2][-]{subsection.2.4}{Second Length-Weight Model Analysis}{section.2}
\BOOKMARK [3][-]{subsubsection.2.4.1}{Temporarily Excludes 8\045 Buffered Formaling Treatment}{subsection.2.4}
\BOOKMARK [3][-]{subsubsection.2.4.2}{Fitting The Model}{subsection.2.4}
\BOOKMARK [2][-]{subsection.2.5}{Length-Weight Regressions for Different Groups}{section.2}
\BOOKMARK [3][-]{subsubsection.2.5.1}{Males and Females in Fresh Group}{subsection.2.5}
\BOOKMARK [3][-]{subsubsection.2.5.2}{Males and Females in Fresh Group}{subsection.2.5}
\BOOKMARK [3][-]{subsubsection.2.5.3}{R-square For Above Equations}{subsection.2.5}
\BOOKMARK [3][-]{subsubsection.2.5.4}{The Plot for the Manuscript}{subsection.2.5}
